<?xml version="1.0" encoding="UTF-8"?>
<!-- Generated by org.testng.reporters.JUnitReportReporter -->
<testsuite hostname="LAPTOP-9PSLU48T" failures="0" tests="1" name="Authentication.BasicAuth" time="1.798" errors="0" timestamp="2022-11-10T15:42:17 IST" skipped="0">
  <testcase classname="Authentication.BasicAuth" name="basicAuth" time="1.798"/>
  <system-out/>
</testsuite> <!-- Authentication.BasicAuth -->
