<?xml version="1.0" encoding="UTF-8"?>
<!-- Generated by org.testng.reporters.JUnitReportReporter -->
<testsuite hostname="LAPTOP-9PSLU48T" failures="0" tests="1" name="JSONValidation.DynamicResponseValidationTest" time="3.297" errors="0" timestamp="2022-11-10T11:10:12 IST" skipped="0">
  <testcase classname="JSONValidation.DynamicResponseValidationTest" name="DynamicResponse" time="3.297"/>
  <system-out/>
</testsuite> <!-- JSONValidation.DynamicResponseValidationTest -->
