<?xml version="1.0" encoding="UTF-8"?>
<!-- Generated by org.testng.reporters.JUnitReportReporter -->
<testsuite hostname="LAPTOP-9PSLU48T" failures="0" tests="1" name="SerializationAndDeserialization.DeserializationOfStringArrayTest" time="0.175" errors="0" timestamp="2022-11-03T17:32:05 IST" skipped="0">
  <testcase classname="SerializationAndDeserialization.DeserializationOfStringArrayTest" name="DeserializationOfString" time="0.175"/>
  <system-out/>
</testsuite> <!-- SerializationAndDeserialization.DeserializationOfStringArrayTest -->
