<?xml version="1.0" encoding="UTF-8"?>
<!-- Generated by org.testng.reporters.JUnitReportReporter -->
<testsuite hostname="LAPTOP-9PSLU48T" failures="0" tests="1" name="crudOperationWithoutBDDApproach.GetAllProjectTest" time="1.951" errors="0" timestamp="2022-11-11T16:50:20 IST" skipped="0">
  <testcase classname="crudOperationWithoutBDDApproach.GetAllProjectTest" name="getProjectTest" time="1.951"/>
  <system-out/>
</testsuite> <!-- crudOperationWithoutBDDApproach.GetAllProjectTest -->
