<?xml version="1.0" encoding="UTF-8"?>
<!-- Generated by org.testng.reporters.JUnitReportReporter -->
<testsuite hostname="LAPTOP-9PSLU48T" failures="0" tests="1" name="SerializationAndDeserialization.DeserializationOfIntArrayTest" time="0.172" errors="0" timestamp="2022-11-03T17:19:08 IST" skipped="0">
  <testcase classname="SerializationAndDeserialization.DeserializationOfIntArrayTest" name="DeserializationOfIntArray" time="0.172"/>
  <system-out/>
</testsuite> <!-- SerializationAndDeserialization.DeserializationOfIntArrayTest -->
