<?xml version="1.0" encoding="UTF-8"?>
<!-- Generated by org.testng.reporters.JUnitReportReporter -->
<testsuite hostname="LAPTOP-9PSLU48T" failures="0" tests="1" name="crudOperationWithBDDApproach.CreateProjectTest" time="2.056" errors="0" timestamp="2022-11-10T12:26:20 IST" skipped="0">
  <testcase classname="crudOperationWithBDDApproach.CreateProjectTest" name="CreateProject" time="2.056"/>
  <system-out/>
</testsuite> <!-- crudOperationWithBDDApproach.CreateProjectTest -->
