<?xml version="1.0" encoding="UTF-8"?>
<!-- Generated by org.testng.reporters.JUnitReportReporter -->
<testsuite hostname="LAPTOP-9PSLU48T" failures="0" tests="1" name="DifferentWaysToPostRequest.CreateRequestByUsingJSONFileTest" time="1.480" errors="0" timestamp="2022-11-07T16:09:13 IST" skipped="0">
  <testcase classname="DifferentWaysToPostRequest.CreateRequestByUsingJSONFileTest" name="CreateRequestTest" time="1.480"/>
  <system-out/>
</testsuite> <!-- DifferentWaysToPostRequest.CreateRequestByUsingJSONFileTest -->
