<?xml version="1.0" encoding="UTF-8"?>
<!-- Generated by org.testng.reporters.JUnitReportReporter -->
<testsuite hostname="LAPTOP-9PSLU48T" failures="0" tests="1" name="DifferentWaysToPostRequest.CreateRequestByUsingHashMapTest" time="1.774" errors="0" timestamp="2022-11-07T15:23:56 IST" skipped="0">
  <testcase classname="DifferentWaysToPostRequest.CreateRequestByUsingHashMapTest" name="CreateRequest" time="1.774"/>
  <system-out/>
</testsuite> <!-- DifferentWaysToPostRequest.CreateRequestByUsingHashMapTest -->
