<?xml version="1.0" encoding="UTF-8"?>
<!-- Generated by org.testng.reporters.JUnitReportReporter -->
<testsuite hostname="LAPTOP-9PSLU48T" failures="0" tests="1" name="crudOperationWithoutBDDApproach.PutProjectTest" time="2.009" errors="0" timestamp="2022-11-04T16:13:33 IST" skipped="0">
  <testcase classname="crudOperationWithoutBDDApproach.PutProjectTest" name="putProjectTest" time="2.009"/>
  <system-out/>
</testsuite> <!-- crudOperationWithoutBDDApproach.PutProjectTest -->
