<?xml version="1.0" encoding="UTF-8"?>
<!-- Generated by org.testng.reporters.JUnitReportReporter -->
<testsuite hostname="LAPTOP-9PSLU48T" failures="0" tests="1" name="RestAssuredWithBookerApp.CreateUsingPOJO" time="4.846" errors="0" timestamp="2022-12-12T18:42:27 IST" skipped="0">
  <testcase classname="RestAssuredWithBookerApp.CreateUsingPOJO" name="CreateProjectUsingPOJO" time="4.846"/>
  <system-out/>
</testsuite> <!-- RestAssuredWithBookerApp.CreateUsingPOJO -->
