<?xml version="1.0" encoding="UTF-8"?>
<!-- Generated by org.testng.reporters.JUnitReportReporter -->
<testsuite hostname="LAPTOP-9PSLU48T" failures="0" tests="1" name="SerializationAndDeserialization.DeSerializationOfEmployeeDetailsTest" time="0.176" errors="0" timestamp="2022-11-03T16:56:13 IST" skipped="0">
  <testcase classname="SerializationAndDeserialization.DeSerializationOfEmployeeDetailsTest" name="DeserializationOfEmp" time="0.176"/>
  <system-out/>
</testsuite> <!-- SerializationAndDeserialization.DeSerializationOfEmployeeDetailsTest -->
