<?xml version="1.0" encoding="UTF-8"?>
<!-- Generated by org.testng.reporters.JUnitReportReporter -->
<testsuite hostname="LAPTOP-9PSLU48T" failures="0" tests="1" name="Authentication.BearerToken" time="9.765" errors="0" timestamp="2022-11-11T11:16:06 IST" skipped="0">
  <testcase classname="Authentication.BearerToken" name="bearerToken" time="9.765"/>
  <system-out/>
</testsuite> <!-- Authentication.BearerToken -->
