<?xml version="1.0" encoding="UTF-8"?>
<!-- Generated by org.testng.reporters.JUnitReportReporter -->
<testsuite hostname="LAPTOP-9PSLU48T" failures="0" tests="1" name="crudOperationWithoutBDDApproach.AddProject3Test" time="1.866" errors="0" timestamp="2022-11-04T17:33:33 IST" skipped="0">
  <testcase classname="crudOperationWithoutBDDApproach.AddProject3Test" name="addProject1Test" time="1.866"/>
  <system-out/>
</testsuite> <!-- crudOperationWithoutBDDApproach.AddProject3Test -->
