<?xml version="1.0" encoding="UTF-8"?>
<!-- Generated by org.testng.reporters.JUnitReportReporter -->
<testsuite hostname="LAPTOP-9PSLU48T" failures="0" tests="1" name="crudOperationWithBDDApproach.DeleteProjectTest" time="1.592" errors="0" timestamp="2022-11-07T11:50:22 IST" skipped="0">
  <testcase classname="crudOperationWithBDDApproach.DeleteProjectTest" name="deleteProjectTest" time="1.592"/>
  <system-out/>
</testsuite> <!-- crudOperationWithBDDApproach.DeleteProjectTest -->
