<?xml version="1.0" encoding="UTF-8"?>
<!-- Generated by org.testng.reporters.JUnitReportReporter -->
<testsuite hostname="LAPTOP-9PSLU48T" failures="0" tests="1" name="crudOperationWithoutBDDApproach.GetProjectTest" time="1.444" errors="0" timestamp="2022-11-09T16:55:55 IST" skipped="0">
  <testcase classname="crudOperationWithoutBDDApproach.GetProjectTest" name="getProjectTest" time="1.444"/>
  <system-out/>
</testsuite> <!-- crudOperationWithoutBDDApproach.GetProjectTest -->
