<?xml version="1.0" encoding="UTF-8"?>
<!-- Generated by org.testng.reporters.JUnitReportReporter -->
<testsuite hostname="LAPTOP-9PSLU48T" failures="0" tests="1" name="crudOperationWithBDDApproach.GetProjectTest" time="1.321" errors="0" timestamp="2022-11-07T11:14:41 IST" skipped="0">
  <testcase classname="crudOperationWithBDDApproach.GetProjectTest" name="getProjectTest" time="1.321"/>
  <system-out/>
</testsuite> <!-- crudOperationWithBDDApproach.GetProjectTest -->
