<?xml version="1.0" encoding="UTF-8"?>
<!-- Generated by org.testng.reporters.JUnitReportReporter -->
<testsuite hostname="LAPTOP-9PSLU48T" failures="0" tests="1" name="DifferentWaysToPostRequest.CreateRequestByusingPOJOclassTest" time="1.883" errors="0" timestamp="2022-11-07T15:49:33 IST" skipped="0">
  <testcase classname="DifferentWaysToPostRequest.CreateRequestByusingPOJOclassTest" name="createRequestTest" time="1.883"/>
  <system-out/>
</testsuite> <!-- DifferentWaysToPostRequest.CreateRequestByusingPOJOclassTest -->
