<?xml version="1.0" encoding="UTF-8"?>
<!-- Generated by org.testng.reporters.JUnitReportReporter -->
<testsuite hostname="LAPTOP-9PSLU48T" failures="0" tests="1" name="crudOperationWithoutBDDApproach.DeleteProjectTest" time="1.651" errors="0" timestamp="2022-11-07T10:22:42 IST" skipped="0">
  <testcase classname="crudOperationWithoutBDDApproach.DeleteProjectTest" name="deleteProjectTest" time="1.651"/>
  <system-out/>
</testsuite> <!-- crudOperationWithoutBDDApproach.DeleteProjectTest -->
