<?xml version="1.0" encoding="UTF-8"?>
<!-- Generated by org.testng.reporters.JUnitReportReporter -->
<testsuite hostname="LAPTOP-9PSLU48T" failures="0" tests="1" name="crudOperationWithBDDApproach.GetProject3Test" time="1.762" errors="0" timestamp="2022-11-08T10:57:08 IST" skipped="0">
  <testcase classname="crudOperationWithBDDApproach.GetProject3Test" name="getProjectTest" time="1.762"/>
  <system-out/>
</testsuite> <!-- crudOperationWithBDDApproach.GetProject3Test -->
