<?xml version="1.0" encoding="UTF-8"?>
<!-- Generated by org.testng.reporters.JUnitReportReporter -->
<testsuite hostname="LAPTOP-9PSLU48T" failures="0" tests="1" name="JSONValidation.RequestChainingTest" time="2.836" errors="0" timestamp="2022-11-10T15:13:22 IST" skipped="0">
  <testcase classname="JSONValidation.RequestChainingTest" name="RequestChaining" time="2.836"/>
  <system-out/>
</testsuite> <!-- JSONValidation.RequestChainingTest -->
