<?xml version="1.0" encoding="UTF-8"?>
<!-- Generated by org.testng.reporters.JUnitReportReporter -->
<testsuite hostname="LAPTOP-9PSLU48T" failures="0" tests="1" name="PathParameter.PathParameterUsingGet" time="1.340" errors="0" timestamp="2022-11-09T10:57:46 IST" skipped="0">
  <testcase classname="PathParameter.PathParameterUsingGet" name="pathParameter" time="1.340"/>
  <system-out/>
</testsuite> <!-- PathParameter.PathParameterUsingGet -->
