<?xml version="1.0" encoding="UTF-8"?>
<!-- Generated by org.testng.reporters.JUnitReportReporter -->
<testsuite hostname="LAPTOP-9PSLU48T" failures="0" tests="1" name="RestAssuredScenarios.CreateProjectAndUpdate" time="2.786" errors="0" timestamp="2022-11-15T16:34:52 IST" skipped="0">
  <testcase classname="RestAssuredScenarios.CreateProjectAndUpdate" name="CreateAndUpdate" time="2.786"/>
  <system-out/>
</testsuite> <!-- RestAssuredScenarios.CreateProjectAndUpdate -->
