<?xml version="1.0" encoding="UTF-8"?>
<!-- Generated by org.testng.reporters.JUnitReportReporter -->
<testsuite hostname="LAPTOP-9PSLU48T" failures="0" tests="1" name="Authentication.basicPreEmptiveAuth" time="1.656" errors="0" timestamp="2022-11-10T15:54:00 IST" skipped="0">
  <testcase classname="Authentication.basicPreEmptiveAuth" name="pewEmptiveAuth" time="1.656"/>
  <system-out/>
</testsuite> <!-- Authentication.basicPreEmptiveAuth -->
