<?xml version="1.0" encoding="UTF-8"?>
<!-- Generated by org.testng.reporters.JUnitReportReporter -->
<testsuite hostname="LAPTOP-9PSLU48T" failures="0" tests="1" name="SerializationAndDeserialization.DeserializationOfObjectTest" time="0.176" errors="0" timestamp="2022-11-03T17:47:17 IST" skipped="0">
  <testcase classname="SerializationAndDeserialization.DeserializationOfObjectTest" name="DeserializationOfObject" time="0.176"/>
  <system-out/>
</testsuite> <!-- SerializationAndDeserialization.DeserializationOfObjectTest -->
