<?xml version="1.0" encoding="UTF-8"?>
<!-- Generated by org.testng.reporters.JUnitReportReporter -->
<testsuite hostname="LAPTOP-9PSLU48T" failures="0" tests="1" name="RestAssuredWithBookerApp.CreateProjectUsingHashMap" time="3.088" errors="0" timestamp="2022-12-12T15:25:11 IST" skipped="0">
  <testcase classname="RestAssuredWithBookerApp.CreateProjectUsingHashMap" name="CreateUsingHashMap" time="3.088"/>
  <system-out/>
</testsuite> <!-- RestAssuredWithBookerApp.CreateProjectUsingHashMap -->
