<?xml version="1.0" encoding="UTF-8"?>
<!-- Generated by org.testng.reporters.JUnitReportReporter -->
<testsuite hostname="LAPTOP-9PSLU48T" failures="0" tests="1" name="crudOperationWithoutBDDApproach.AddProject1Test" time="1.969" errors="0" timestamp="2022-11-04T16:15:32 IST" skipped="0">
  <testcase classname="crudOperationWithoutBDDApproach.AddProject1Test" name="addProject1Test" time="1.969"/>
  <system-out/>
</testsuite> <!-- crudOperationWithoutBDDApproach.AddProject1Test -->
