<?xml version="1.0" encoding="UTF-8"?>
<!-- Generated by org.testng.reporters.JUnitReportReporter -->
<testsuite hostname="LAPTOP-9PSLU48T" failures="0" tests="4" name="DataProvider.Dataprovider1" time="1.815" errors="0" timestamp="2022-11-08T12:33:07 IST" skipped="0">
  <testcase classname="DataProvider.Dataprovider1" name="projectDataprovider" time="0.083"/>
  <system-out/>
  <testcase classname="DataProvider.Dataprovider1" name="projectDataprovider" time="1.589"/>
  <system-out/>
  <testcase classname="DataProvider.Dataprovider1" name="projectDataprovider" time="0.078"/>
  <system-out/>
  <testcase classname="DataProvider.Dataprovider1" name="projectDataprovider" time="0.065"/>
  <system-out/>
</testsuite> <!-- DataProvider.Dataprovider1 -->
