<?xml version="1.0" encoding="UTF-8"?>
<!-- Generated by org.testng.reporters.JUnitReportReporter -->
<testsuite hostname="LAPTOP-9PSLU48T" failures="0" tests="4" name="DataProvider.ReadDataFromExcelSheet" time="0.008" errors="0" timestamp="2022-11-09T14:57:27 IST" skipped="0">
  <testcase classname="DataProvider.ReadDataFromExcelSheet" name="dataprovider" time="0.000"/>
  <system-out/>
  <testcase classname="DataProvider.ReadDataFromExcelSheet" name="dataprovider" time="0.000"/>
  <system-out/>
  <testcase classname="DataProvider.ReadDataFromExcelSheet" name="dataprovider" time="0.006"/>
  <system-out/>
  <testcase classname="DataProvider.ReadDataFromExcelSheet" name="dataprovider" time="0.002"/>
  <system-out/>
</testsuite> <!-- DataProvider.ReadDataFromExcelSheet -->
