<?xml version="1.0" encoding="UTF-8"?>
<!-- Generated by org.testng.reporters.JUnitReportReporter -->
<testsuite hostname="LAPTOP-9PSLU48T" failures="0" tests="1" name="SerializationAndDeserialization.SerializationOfStringArray" time="0.185" errors="0" timestamp="2022-11-03T16:01:01 IST" skipped="0">
  <testcase classname="SerializationAndDeserialization.SerializationOfStringArray" name="SerializationOfStringArray" time="0.185"/>
  <system-out/>
</testsuite> <!-- SerializationAndDeserialization.SerializationOfStringArray -->
