<?xml version="1.0" encoding="UTF-8"?>
<!-- Generated by org.testng.reporters.JUnitReportReporter -->
<testsuite hostname="LAPTOP-9PSLU48T" failures="0" tests="1" name="crudOperationWithBDDApproach.CreateProject6Test" time="1.532" errors="0" timestamp="2022-11-07T17:59:50 IST" skipped="0">
  <testcase classname="crudOperationWithBDDApproach.CreateProject6Test" name="CreateProject" time="1.532"/>
  <system-out/>
</testsuite> <!-- crudOperationWithBDDApproach.CreateProject6Test -->
