<?xml version="1.0" encoding="UTF-8"?>
<!-- Generated by org.testng.reporters.JUnitReportReporter -->
<testsuite hostname="LAPTOP-9PSLU48T" failures="0" tests="1" name="crudOperationWithBDDApproach.PutProjectTest" time="1.778" errors="0" timestamp="2022-11-07T11:34:12 IST" skipped="0">
  <testcase classname="crudOperationWithBDDApproach.PutProjectTest" name="putProjectTest" time="1.778"/>
  <system-out/>
</testsuite> <!-- crudOperationWithBDDApproach.PutProjectTest -->
