<?xml version="1.0" encoding="UTF-8"?>
<!-- Generated by org.testng.reporters.JUnitReportReporter -->
<testsuite hostname="LAPTOP-9PSLU48T" failures="0" tests="1" name="JSONValidation.StaticResponseValidationTest" time="2.591" errors="0" timestamp="2022-11-11T16:22:43 IST" skipped="0">
  <testcase classname="JSONValidation.StaticResponseValidationTest" name="staticvalidation" time="2.591"/>
  <system-out/>
</testsuite> <!-- JSONValidation.StaticResponseValidationTest -->
