<?xml version="1.0" encoding="UTF-8"?>
<!-- Generated by org.testng.reporters.JUnitReportReporter -->
<testsuite hostname="LAPTOP-9PSLU48T" failures="0" tests="1" name="RestAssuredWithBookerApp.GetProject" time="2.612" errors="0" timestamp="2022-12-12T15:30:04 IST" skipped="0">
  <testcase classname="RestAssuredWithBookerApp.GetProject" name="getProject" time="2.612"/>
  <system-out/>
</testsuite> <!-- RestAssuredWithBookerApp.GetProject -->
