<?xml version="1.0" encoding="UTF-8"?>
<!-- Generated by org.testng.reporters.JUnitReportReporter -->
<testsuite hostname="LAPTOP-9PSLU48T" failures="0" tests="1" name="Authentication.basicDigestiveAuth" time="1.665" errors="0" timestamp="2022-11-10T16:10:05 IST" skipped="0">
  <testcase classname="Authentication.basicDigestiveAuth" name="basicDigestive" time="1.665"/>
  <system-out/>
</testsuite> <!-- Authentication.basicDigestiveAuth -->
