<?xml version="1.0" encoding="UTF-8"?>
<!-- Generated by org.testng.reporters.JUnitReportReporter -->
<testsuite hostname="LAPTOP-9PSLU48T" failures="0" tests="1" name="RestAssuredWithBookerApp.GetAll" time="2.770" errors="0" timestamp="2022-12-12T15:33:44 IST" skipped="0">
  <testcase classname="RestAssuredWithBookerApp.GetAll" name="getAllProjects" time="2.770"/>
  <system-out/>
</testsuite> <!-- RestAssuredWithBookerApp.GetAll -->
