<?xml version="1.0" encoding="UTF-8"?>
<!-- Generated by org.testng.reporters.JUnitReportReporter -->
<testsuite hostname="LAPTOP-9PSLU48T" failures="0" tests="1" name="DifferentWaysToPostRequest.CreateRequestByusingJSONObjectTest" time="1.829" errors="0" timestamp="2022-11-07T15:41:22 IST" skipped="0">
  <testcase classname="DifferentWaysToPostRequest.CreateRequestByusingJSONObjectTest" name="CreateRequestTest" time="1.829"/>
  <system-out/>
</testsuite> <!-- DifferentWaysToPostRequest.CreateRequestByusingJSONObjectTest -->
