<?xml version="1.0" encoding="UTF-8"?>
<!-- Generated by org.testng.reporters.JUnitReportReporter -->
<testsuite hostname="LAPTOP-9PSLU48T" failures="0" tests="1" name="PathParameter.PathParameterByUsingPUTTest" time="1.573" errors="0" timestamp="2022-11-09T11:22:14 IST" skipped="0">
  <testcase classname="PathParameter.PathParameterByUsingPUTTest" name="pathParameterTest" time="1.573"/>
  <system-out/>
</testsuite> <!-- PathParameter.PathParameterByUsingPUTTest -->
