<?xml version="1.0" encoding="UTF-8"?>
<!-- Generated by org.testng.reporters.JUnitReportReporter -->
<testsuite hostname="LAPTOP-9PSLU48T" failures="0" tests="1" name="crudOperationWithBDDApproach.CreateProject3Test" time="1.517" errors="0" timestamp="2022-11-07T17:42:45 IST" skipped="0">
  <testcase classname="crudOperationWithBDDApproach.CreateProject3Test" name="CreateProjectTest" time="1.517"/>
  <system-out/>
</testsuite> <!-- crudOperationWithBDDApproach.CreateProject3Test -->
