<?xml version="1.0" encoding="UTF-8"?>
<!-- Generated by org.testng.reporters.JUnitReportReporter -->
<testsuite hostname="LAPTOP-9PSLU48T" failures="0" tests="1" name="Assignments.RepublicOfIndia" time="1.675" errors="0" timestamp="2023-01-19T12:32:02 IST" skipped="0">
  <testcase classname="Assignments.RepublicOfIndia" name="republic" time="1.675"/>
  <system-out/>
</testsuite> <!-- Assignments.RepublicOfIndia -->
