<?xml version="1.0" encoding="UTF-8"?>
<!-- Generated by org.testng.reporters.JUnitReportReporter -->
<testsuite hostname="LAPTOP-9PSLU48T" failures="0" tests="1" name="crudOperationWithoutBDDApproach.AddProjectTest" time="2.088" errors="0" timestamp="2022-11-09T15:15:16 IST" skipped="0">
  <testcase classname="crudOperationWithoutBDDApproach.AddProjectTest" name="addProjectTest" time="2.088"/>
  <system-out/>
</testsuite> <!-- crudOperationWithoutBDDApproach.AddProjectTest -->
