<?xml version="1.0" encoding="UTF-8"?>
<!-- Generated by org.testng.reporters.JUnitReportReporter -->
<testsuite hostname="LAPTOP-9PSLU48T" failures="0" tests="1" name="crudOperationWithBDDApproach.putProject1Test" time="1.955" errors="0" timestamp="2022-11-08T10:57:57 IST" skipped="0">
  <testcase classname="crudOperationWithBDDApproach.putProject1Test" name="putProjectTest" time="1.955"/>
  <system-out/>
</testsuite> <!-- crudOperationWithBDDApproach.putProject1Test -->
