<?xml version="1.0" encoding="UTF-8"?>
<!-- Generated by org.testng.reporters.JUnitReportReporter -->
<testsuite hostname="LAPTOP-9PSLU48T" failures="0" tests="1" name="RestAssuredWithBookerApp.CreateProjectUsingJsonFile" time="2.988" errors="0" timestamp="2022-12-12T16:05:10 IST" skipped="0">
  <testcase classname="RestAssuredWithBookerApp.CreateProjectUsingJsonFile" name="CreateusingJsonFile" time="2.988"/>
  <system-out/>
</testsuite> <!-- RestAssuredWithBookerApp.CreateProjectUsingJsonFile -->
