<?xml version="1.0" encoding="UTF-8"?>
<!-- Generated by org.testng.reporters.JUnitReportReporter -->
<testsuite hostname="LAPTOP-9PSLU48T" failures="0" tests="1" name="crudOperationWithoutBDDApproach.AddProject2Test" time="2.008" errors="0" timestamp="2022-11-07T10:22:14 IST" skipped="0">
  <testcase classname="crudOperationWithoutBDDApproach.AddProject2Test" name="addProject2" time="2.008"/>
  <system-out/>
</testsuite> <!-- crudOperationWithoutBDDApproach.AddProject2Test -->
