<?xml version="1.0" encoding="UTF-8"?>
<!-- Generated by org.testng.reporters.JUnitReportReporter -->
<testsuite hostname="LAPTOP-9PSLU48T" failures="0" tests="1" name="RestAssuredScenarios.CreateProjectAndDelete" time="1.879" errors="0" timestamp="2022-11-15T15:58:20 IST" skipped="0">
  <testcase classname="RestAssuredScenarios.CreateProjectAndDelete" name="CreateAndDelete" time="1.879"/>
  <system-out/>
</testsuite> <!-- RestAssuredScenarios.CreateProjectAndDelete -->
