<?xml version="1.0" encoding="UTF-8"?>
<!-- Generated by org.testng.reporters.JUnitReportReporter -->
<testsuite hostname="LAPTOP-9PSLU48T" failures="0" tests="1" name="SerializationAndDeserialization.SerializationOfIntArray" time="0.203" errors="0" timestamp="2022-11-03T15:53:05 IST" skipped="0">
  <testcase classname="SerializationAndDeserialization.SerializationOfIntArray" name="SerializationOfIntegerArray" time="0.203"/>
  <system-out/>
</testsuite> <!-- SerializationAndDeserialization.SerializationOfIntArray -->
