<?xml version="1.0" encoding="UTF-8"?>
<!-- Generated by org.testng.reporters.JUnitReportReporter -->
<testsuite hostname="LAPTOP-9PSLU48T" failures="0" tests="1" name="crudOperationWithoutBDDApproach.AddProject5Test" time="1.715" errors="0" timestamp="2022-11-04T17:37:05 IST" skipped="0">
  <testcase classname="crudOperationWithoutBDDApproach.AddProject5Test" name="addProject1Test" time="1.715"/>
  <system-out/>
</testsuite> <!-- crudOperationWithoutBDDApproach.AddProject5Test -->
