<?xml version="1.0" encoding="UTF-8"?>
<!-- Generated by org.testng.reporters.JUnitReportReporter -->
<testsuite hostname="LAPTOP-9PSLU48T" failures="0" tests="1" name="PathParameter.PathparameterByUsingDelete" time="1.260" errors="0" timestamp="2022-11-09T11:21:08 IST" skipped="0">
  <testcase classname="PathParameter.PathparameterByUsingDelete" name="pathparameter" time="1.260"/>
  <system-out/>
</testsuite> <!-- PathParameter.PathparameterByUsingDelete -->
