<?xml version="1.0" encoding="UTF-8"?>
<!-- Generated by org.testng.reporters.JUnitReportReporter -->
<testsuite hostname="LAPTOP-9PSLU48T" failures="0" tests="1" name="SerializationAndDeserialization.SerializationOfEmployeeDetailsTest" time="0.213" errors="0" timestamp="2022-11-03T15:37:06 IST" skipped="0">
  <testcase classname="SerializationAndDeserialization.SerializationOfEmployeeDetailsTest" name="employeeDetails" time="0.213"/>
  <system-out/>
</testsuite> <!-- SerializationAndDeserialization.SerializationOfEmployeeDetailsTest -->
